GET /folders 200 214 - 6.772 ms
::1 - - [28/Feb/2023:02:56:50 +0000] "GET /folders HTTP/1.1" 200 214 "-" "PostmanRuntime/7.31.0"
::1 - - [28/Feb/2023:02:58:25 +0000] "GET /folders HTTP/1.1" 500 39 "-" "PostmanRuntime/7.31.0"
::1 - - [28/Feb/2023:03:00:01 +0000] "GET /folders HTTP/1.1" 500 39 "-" "PostmanRuntime/7.31.0"
::1 - - [28/Feb/2023:03:51:47 +0000] "DELETE /notes/N6b105o101 HTTP/1.1" 202 20 "-" "PostmanRuntime/7.31.0"
::1 - - [28/Feb/2023:03:58:02 +0000] "DELETE /notes/N6b105o101 HTTP/1.1" 200 2 "-" "PostmanRuntime/7.31.0"
::1 - - [28/Feb/2023:03:58:39 +0000] "DELETE /notes/N6b105o101 HTTP/1.1" 200 2 "-" "PostmanRuntime/7.31.0"
::1 - - [28/Feb/2023:03:58:55 +0000] "DELETE /notes/N6b105o101 HTTP/1.1" 200 2 "-" "PostmanRuntime/7.31.0"
::1 - - [28/Feb/2023:04:00:55 +0000] "DELETE /notes/N6b105o101 HTTP/1.1" 200 2 "-" "PostmanRuntime/7.31.0"
::1 - - [28/Feb/2023:04:04:11 +0000] "DELETE /notes/N6b105o101 HTTP/1.1" 200 2 "-" "PostmanRuntime/7.31.0"
::1 - - [28/Feb/2023:04:07:39 +0000] "GET /notes HTTP/1.1" - - "-" "PostmanRuntime/7.31.0"
::1 - - [28/Feb/2023:04:29:21 +0000] "PUT /notes/N6b105o101 HTTP/1.1" 200 960 "-" "PostmanRuntime/7.31.0"
::1 - - [28/Feb/2023:04:30:23 +0000] "PUT /notes/N6b105o101 HTTP/1.1" 200 960 "-" "PostmanRuntime/7.31.0"
::1 - - [28/Feb/2023:04:31:37 +0000] "PUT /notes/N6b105o101 HTTP/1.1" 200 960 "-" "PostmanRuntime/7.31.0"
::1 - - [28/Feb/2023:04:38:57 +0000] "PUT /notes/N6b105o101 HTTP/1.1" 200 960 "-" "PostmanRuntime/7.31.0"
::1 - - [28/Feb/2023:04:39:26 +0000] "PUT /notes/N6b105o101 HTTP/1.1" 200 956 "-" "PostmanRuntime/7.31.0"
::1 - - [28/Feb/2023:04:49:01 +0000] "PUT /notes/N6b105o101 HTTP/1.1" 500 40 "-" "PostmanRuntime/7.31.0"
::1 - - [28/Feb/2023:04:49:27 +0000] "PUT /notes/N6b105o101 HTTP/1.1" 500 40 "-" "PostmanRuntime/7.31.0"
::1 - - [28/Feb/2023:04:50:52 +0000] "PUT /notes/N6b105o101 HTTP/1.1" 500 52 "-" "PostmanRuntime/7.31.0"
::1 - - [28/Feb/2023:04:55:17 +0000] "PUT /notes/N6b105o101 HTTP/1.1" 500 52 "-" "PostmanRuntime/7.31.0"
::1 - - [28/Feb/2023:04:56:08 +0000] "PUT /notes/N6b105o101 HTTP/1.1" 500 52 "-" "PostmanRuntime/7.31.0"
